<?xml version="1.0" encoding="UTF-8"?>
<!-- Generated by org.testng.reporters.JUnitReportReporter -->
<testsuite hostname="DESKTOP-1B17E07" failures="0" tests="2" name="TestNG.TestNG_Example2" time="0.029" errors="0" timestamp="2023-10-11T18:25:36 IST" skipped="0">
  <testcase classname="TestNG.TestNG_Example2" name="addemp" time="0.018"/>
  <system-out/>
  <testcase classname="TestNG.TestNG_Example2" name="deleteemp" time="0.011"/>
  <system-out/>
</testsuite> <!-- TestNG.TestNG_Example2 -->
