<?xml version="1.0" encoding="UTF-8"?>
<!-- Generated by org.testng.reporters.JUnitReportReporter -->
<testsuite hostname="DESKTOP-1B17E07" failures="0" tests="1" name="PageObjectModel.LoginTest" time="12.986" errors="0" timestamp="2023-10-17T18:57:55 IST" skipped="0">
  <testcase classname="PageObjectModel.LoginTest" name="login" time="12.986"/>
  <system-out/>
</testsuite> <!-- PageObjectModel.LoginTest -->
