<?xml version="1.0" encoding="UTF-8"?>
<!-- Generated by org.testng.reporters.JUnitReportReporter -->
<testsuite hostname="DESKTOP-1B17E07" failures="0" tests="1" name="Datadriven_Framework.Login_Function" time="21.580" errors="0" timestamp="2023-10-12T18:35:00 IST" skipped="0">
  <testcase classname="Datadriven_Framework.Login_Function" name="login" time="21.580"/>
  <system-out/>
</testsuite> <!-- Datadriven_Framework.Login_Function -->
