<?xml version="1.0" encoding="UTF-8"?>
<!-- Generated by org.testng.reporters.JUnitReportReporter -->
<testsuite hostname="DESKTOP-1B17E07" failures="0" tests="2" name="TestNG.TestNG_Examples" time="0.012" errors="0" timestamp="2023-10-11T18:25:36 IST" skipped="0">
  <testcase classname="TestNG.TestNG_Examples" name="test" time="0.006"/>
  <system-out/>
  <testcase classname="TestNG.TestNG_Examples" name="test2" time="0.006"/>
  <system-out/>
</testsuite> <!-- TestNG.TestNG_Examples -->
