<?xml version="1.0" encoding="UTF-8"?>
<!-- Generated by org.testng.reporters.JUnitReportReporter -->
<testsuite hostname="DESKTOP-1B17E07" failures="0" tests="3" name="TestNG.TestNG_Example_4" time="0.019" errors="0" timestamp="2023-10-11T18:25:36 IST" skipped="0">
  <testcase classname="TestNG.TestNG_Example_4" name="m3" time="0.006"/>
  <system-out/>
  <testcase classname="TestNG.TestNG_Example_4" name="m4" time="0.002"/>
  <system-out/>
  <testcase classname="TestNG.TestNG_Example_4" name="m2" time="0.011"/>
  <system-out/>
</testsuite> <!-- TestNG.TestNG_Example_4 -->
