<?xml version="1.0" encoding="UTF-8"?>
<!-- Generated by org.testng.reporters.JUnitReportReporter -->
<testsuite hostname="DESKTOP-1B17E07" failures="0" tests="2" name="TestNG.TestNg_Example1" time="21.712" errors="0" timestamp="2023-10-11T18:25:36 IST" skipped="0">
  <testcase classname="TestNG.TestNg_Example1" name="test" time="0.001"/>
  <system-out/>
  <testcase classname="TestNG.TestNg_Example1" name="login" time="21.711"/>
  <system-out/>
</testsuite> <!-- TestNG.TestNg_Example1 -->
